# JRE version: Java(TM) SE Runtime Environment (17.0.2+8) (build 17.0.2+8-LTS-86)
# Java VM: Java HotSpot(TM) 64-Bit Server VM (17.0.2+8-LTS-86, mixed mode, sharing, tiered, compressed oops, compressed class ptrs, g1 gc, windows-amd64)
GC Precious Log:
 CPUs: 12 total, 12 available
 Memory: 32694M
 Large Page Support: Disabled
 NUMA Support: Disabled
 Compressed Oops: Enabled (Zero based)
 Heap Region Size: 4M
 Heap Min Capacity: 8M
 Heap Initial Capacity: 512M
 Heap Max Capacity: 8176M
 Pre-touch: Disabled
 Parallel Workers: 10
 Concurrent Workers: 3
 Concurrent Refinement Workers: 10
 Periodic GC: Disabled
Heap:
 garbage-first heap   total 614400K, used 350256K [0x0000000601000000, 0x0000000800000000)
  region size 4096K, 26 young (106496K), 5 survivors (20480K)
 Metaspace       used 87681K, committed 88640K, reserved 1130496K
  class space    used 12021K, committed 12480K, reserved 1048576K
GC Heap History (20 events):
Event: 18.764 GC heap before
{Heap before GC invocations=25 (full 0):
 garbage-first heap   total 614400K, used 471251K [0x0000000601000000, 0x0000000800000000)
  region size 4096K, 58 young (237568K), 5 survivors (20480K)
 Metaspace       used 84737K, committed 85696K, reserved 1130496K
  class space    used 11826K, committed 12288K, reserved 1048576K
}
Event: 18.771 GC heap after
{Heap after GC invocations=26 (full 0):
 garbage-first heap   total 614400K, used 260229K [0x0000000601000000, 0x0000000800000000)
  region size 4096K, 5 young (20480K), 5 survivors (20480K)
 Metaspace       used 84737K, committed 85696K, reserved 1130496K
  class space    used 11826K, committed 12288K, reserved 1048576K
}
Event: 18.790 GC heap before
{Heap before GC invocations=26 (full 0):
 garbage-first heap   total 614400K, used 268421K [0x0000000601000000, 0x0000000800000000)
  region size 4096K, 7 young (28672K), 5 survivors (20480K)
 Metaspace       used 84738K, committed 85696K, reserved 1130496K
  class space    used 11826K, committed 12288K, reserved 1048576K
}
Event: 18.797 GC heap after
{Heap after GC invocations=27 (full 0):
 garbage-first heap   total 614400K, used 245711K [0x0000000601000000, 0x0000000800000000)
  region size 4096K, 1 young (4096K), 1 survivors (4096K)
 Metaspace       used 84738K, committed 85696K, reserved 1130496K
  class space    used 11826K, committed 12288K, reserved 1048576K
}
Event: 19.651 GC heap before
{Heap before GC invocations=27 (full 0):
 garbage-first heap   total 614400K, used 483279K [0x0000000601000000, 0x0000000800000000)
  region size 4096K, 59 young (241664K), 1 survivors (4096K)
 Metaspace       used 85152K, committed 86144K, reserved 1130496K
  class space    used 11842K, committed 12288K, reserved 1048576K
}
Event: 19.653 GC heap after
{Heap after GC invocations=28 (full 0):
 garbage-first heap   total 614400K, used 248718K [0x0000000601000000, 0x0000000800000000)
  region size 4096K, 2 young (8192K), 2 survivors (8192K)
 Metaspace       used 85152K, committed 86144K, reserved 1130496K
  class space    used 11842K, committed 12288K, reserved 1048576K
}
Event: 20.565 GC heap before
{Heap before GC invocations=28 (full 0):
 garbage-first heap   total 614400K, used 490382K [0x0000000601000000, 0x0000000800000000)
  region size 4096K, 61 young (249856K), 2 survivors (8192K)
 Metaspace       used 85296K, committed 86272K, reserved 1130496K
  class space    used 11842K, committed 12288K, reserved 1048576K
}
Event: 20.567 GC heap after
{Heap after GC invocations=29 (full 0):
 garbage-first heap   total 614400K, used 253027K [0x0000000601000000, 0x0000000800000000)
  region size 4096K, 3 young (12288K), 3 survivors (12288K)
 Metaspace       used 85296K, committed 86272K, reserved 1130496K
  class space    used 11842K, committed 12288K, reserved 1048576K
}
Event: 21.425 GC heap before
{Heap before GC invocations=29 (full 0):
 garbage-first heap   total 614400K, used 498787K [0x0000000601000000, 0x0000000800000000)
  region size 4096K, 63 young (258048K), 3 survivors (12288K)
 Metaspace       used 85389K, committed 86336K, reserved 1130496K
  class space    used 11842K, committed 12288K, reserved 1048576K
}
Event: 21.428 GC heap after
{Heap after GC invocations=30 (full 0):
 garbage-first heap   total 614400K, used 257529K [0x0000000601000000, 0x0000000800000000)
  region size 4096K, 4 young (16384K), 4 survivors (16384K)
 Metaspace       used 85389K, committed 86336K, reserved 1130496K
  class space    used 11842K, committed 12288K, reserved 1048576K
}
Event: 22.113 GC heap before
{Heap before GC invocations=30 (full 0):
 garbage-first heap   total 614400K, used 503289K [0x0000000601000000, 0x0000000800000000)
  region size 4096K, 65 young (266240K), 4 survivors (16384K)
 Metaspace       used 87123K, committed 88064K, reserved 1130496K
  class space    used 11989K, committed 12480K, reserved 1048576K
}
Event: 22.116 GC heap after
{Heap after GC invocations=31 (full 0):
 garbage-first heap   total 614400K, used 261631K [0x0000000601000000, 0x0000000800000000)
  region size 4096K, 5 young (20480K), 5 survivors (20480K)
 Metaspace       used 87123K, committed 88064K, reserved 1130496K
  class space    used 11989K, committed 12480K, reserved 1048576K
}
Event: 22.614 GC heap before
{Heap before GC invocations=31 (full 0):
 garbage-first heap   total 614400K, used 511487K [0x0000000601000000, 0x0000000800000000)
  region size 4096K, 66 young (270336K), 5 survivors (20480K)
 Metaspace       used 87219K, committed 88192K, reserved 1130496K
  class space    used 11989K, committed 12480K, reserved 1048576K
}
Event: 22.618 GC heap after
{Heap after GC invocations=32 (full 0):
 garbage-first heap   total 614400K, used 265261K [0x0000000601000000, 0x0000000800000000)
  region size 4096K, 6 young (24576K), 6 survivors (24576K)
 Metaspace       used 87219K, committed 88192K, reserved 1130496K
  class space    used 11989K, committed 12480K, reserved 1048576K
}
Event: 22.981 GC heap before
{Heap before GC invocations=32 (full 0):
 garbage-first heap   total 614400K, used 511021K [0x0000000601000000, 0x0000000800000000)
  region size 4096K, 67 young (274432K), 6 survivors (24576K)
 Metaspace       used 87231K, committed 88192K, reserved 1130496K
  class space    used 11990K, committed 12480K, reserved 1048576K
}
Event: 22.985 GC heap after
{Heap after GC invocations=33 (full 0):
 garbage-first heap   total 614400K, used 268935K [0x0000000601000000, 0x0000000800000000)
  region size 4096K, 6 young (24576K), 6 survivors (24576K)
 Metaspace       used 87231K, committed 88192K, reserved 1130496K
  class space    used 11990K, committed 12480K, reserved 1048576K
}
Event: 30.520 GC heap before
{Heap before GC invocations=33 (full 0):
 garbage-first heap   total 614400K, used 518791K [0x0000000601000000, 0x0000000800000000)
  region size 4096K, 67 young (274432K), 6 survivors (24576K)
 Metaspace       used 87442K, committed 88448K, reserved 1130496K
  class space    used 11992K, committed 12480K, reserved 1048576K
}
Event: 30.523 GC heap after
{Heap after GC invocations=34 (full 0):
 garbage-first heap   total 614400K, used 268406K [0x0000000601000000, 0x0000000800000000)
  region size 4096K, 5 young (20480K), 5 survivors (20480K)
 Metaspace       used 87442K, committed 88448K, reserved 1130496K
  class space    used 11992K, committed 12480K, reserved 1048576K
}
Event: 42.583 GC heap before
{Heap before GC invocations=34 (full 0):
 garbage-first heap   total 614400K, used 522358K [0x0000000601000000, 0x0000000800000000)
  region size 4096K, 67 young (274432K), 5 survivors (20480K)
 Metaspace       used 87509K, committed 88512K, reserved 1130496K
  class space    used 11996K, committed 12480K, reserved 1048576K
}
Event: 42.585 GC heap after
{Heap after GC invocations=35 (full 0):
 garbage-first heap   total 614400K, used 268336K [0x0000000601000000, 0x0000000800000000)
  region size 4096K, 5 young (20480K), 5 survivors (20480K)
 Metaspace       used 87509K, committed 88512K, reserved 1130496K
  class space    used 11996K, committed 12480K, reserved 1048576K
}

