# JRE version: Java(TM) SE Runtime Environment (17.0.2+8) (build 17.0.2+8-LTS-86)
# Java VM: Java HotSpot(TM) 64-Bit Server VM (17.0.2+8-LTS-86, mixed mode, sharing, tiered, compressed oops, compressed class ptrs, g1 gc, windows-amd64)
GC Precious Log:
 CPUs: 12 total, 12 available
 Memory: 32694M
 Large Page Support: Disabled
 NUMA Support: Disabled
 Compressed Oops: Enabled (Zero based)
 Heap Region Size: 4M
 Heap Min Capacity: 8M
 Heap Initial Capacity: 512M
 Heap Max Capacity: 8176M
 Pre-touch: Disabled
 Parallel Workers: 10
 Concurrent Workers: 3
 Concurrent Refinement Workers: 10
 Periodic GC: Disabled
Heap:
 garbage-first heap   total 745472K, used 388601K [0x0000000601000000, 0x0000000800000000)
  region size 4096K, 38 young (155648K), 6 survivors (24576K)
 Metaspace       used 86185K, committed 87104K, reserved 1130496K
  class space    used 11890K, committed 12352K, reserved 1048576K
GC Heap History (20 events):
Event: 19.509 GC heap before
{Heap before GC invocations=26 (full 0):
 garbage-first heap   total 573440K, used 450936K [0x0000000601000000, 0x0000000800000000)
  region size 4096K, 48 young (196608K), 2 survivors (8192K)
 Metaspace       used 85054K, committed 86016K, reserved 1130496K
  class space    used 11851K, committed 12352K, reserved 1048576K
}
Event: 19.513 GC heap after
{Heap after GC invocations=27 (full 0):
 garbage-first heap   total 573440K, used 264043K [0x0000000601000000, 0x0000000800000000)
  region size 4096K, 3 young (12288K), 3 survivors (12288K)
 Metaspace       used 85054K, committed 86016K, reserved 1130496K
  class space    used 11851K, committed 12352K, reserved 1048576K
}
Event: 19.897 GC heap before
{Heap before GC invocations=28 (full 0):
 garbage-first heap   total 573440K, used 452459K [0x0000000601000000, 0x0000000800000000)
  region size 4096K, 50 young (204800K), 3 survivors (12288K)
 Metaspace       used 85154K, committed 86144K, reserved 1130496K
  class space    used 11845K, committed 12352K, reserved 1048576K
}
Event: 19.898 GC heap after
{Heap after GC invocations=29 (full 0):
 garbage-first heap   total 573440K, used 262088K [0x0000000601000000, 0x0000000800000000)
  region size 4096K, 3 young (12288K), 3 survivors (12288K)
 Metaspace       used 85154K, committed 86144K, reserved 1130496K
  class space    used 11845K, committed 12352K, reserved 1048576K
}
Event: 19.951 GC heap before
{Heap before GC invocations=29 (full 0):
 garbage-first heap   total 573440K, used 278472K [0x0000000601000000, 0x0000000800000000)
  region size 4096K, 7 young (28672K), 3 survivors (12288K)
 Metaspace       used 85156K, committed 86144K, reserved 1130496K
  class space    used 11845K, committed 12352K, reserved 1048576K
}
Event: 19.955 GC heap after
{Heap after GC invocations=30 (full 0):
 garbage-first heap   total 573440K, used 239807K [0x0000000601000000, 0x0000000800000000)
  region size 4096K, 1 young (4096K), 1 survivors (4096K)
 Metaspace       used 85156K, committed 86144K, reserved 1130496K
  class space    used 11845K, committed 12352K, reserved 1048576K
}
Event: 20.520 GC heap before
{Heap before GC invocations=30 (full 0):
 garbage-first heap   total 573440K, used 452799K [0x0000000601000000, 0x0000000800000000)
  region size 4096K, 54 young (221184K), 1 survivors (4096K)
 Metaspace       used 85230K, committed 86272K, reserved 1130496K
  class space    used 11846K, committed 12352K, reserved 1048576K
}
Event: 20.522 GC heap after
{Heap after GC invocations=31 (full 0):
 garbage-first heap   total 745472K, used 242936K [0x0000000601000000, 0x0000000800000000)
  region size 4096K, 2 young (8192K), 2 survivors (8192K)
 Metaspace       used 85230K, committed 86272K, reserved 1130496K
  class space    used 11846K, committed 12352K, reserved 1048576K
}
Event: 21.254 GC heap before
{Heap before GC invocations=31 (full 0):
 garbage-first heap   total 745472K, used 566520K [0x0000000601000000, 0x0000000800000000)
  region size 4096K, 81 young (331776K), 2 survivors (8192K)
 Metaspace       used 85340K, committed 86336K, reserved 1130496K
  class space    used 11849K, committed 12352K, reserved 1048576K
}
Event: 21.256 GC heap after
{Heap after GC invocations=32 (full 0):
 garbage-first heap   total 745472K, used 247018K [0x0000000601000000, 0x0000000800000000)
  region size 4096K, 3 young (12288K), 3 survivors (12288K)
 Metaspace       used 85340K, committed 86336K, reserved 1130496K
  class space    used 11849K, committed 12352K, reserved 1048576K
}
Event: 22.146 GC heap before
{Heap before GC invocations=32 (full 0):
 garbage-first heap   total 745472K, used 615658K [0x0000000601000000, 0x0000000800000000)
  region size 4096K, 94 young (385024K), 3 survivors (12288K)
 Metaspace       used 85483K, committed 86528K, reserved 1130496K
  class space    used 11851K, committed 12352K, reserved 1048576K
}
Event: 22.149 GC heap after
{Heap after GC invocations=33 (full 0):
 garbage-first heap   total 745472K, used 252606K [0x0000000601000000, 0x0000000800000000)
  region size 4096K, 4 young (16384K), 4 survivors (16384K)
 Metaspace       used 85483K, committed 86528K, reserved 1130496K
  class space    used 11851K, committed 12352K, reserved 1048576K
}
Event: 22.570 GC heap before
{Heap before GC invocations=33 (full 0):
 garbage-first heap   total 745472K, used 621246K [0x0000000601000000, 0x0000000800000000)
  region size 4096K, 94 young (385024K), 4 survivors (16384K)
 Metaspace       used 85509K, committed 86528K, reserved 1130496K
  class space    used 11851K, committed 12352K, reserved 1048576K
}
Event: 22.573 GC heap after
{Heap after GC invocations=34 (full 0):
 garbage-first heap   total 745472K, used 258185K [0x0000000601000000, 0x0000000800000000)
  region size 4096K, 5 young (20480K), 5 survivors (20480K)
 Metaspace       used 85509K, committed 86528K, reserved 1130496K
  class space    used 11851K, committed 12352K, reserved 1048576K
}
Event: 22.955 GC heap before
{Heap before GC invocations=34 (full 0):
 garbage-first heap   total 745472K, used 622729K [0x0000000601000000, 0x0000000800000000)
  region size 4096K, 95 young (389120K), 5 survivors (20480K)
 Metaspace       used 85557K, committed 86592K, reserved 1130496K
  class space    used 11853K, committed 12352K, reserved 1048576K
}
Event: 22.959 GC heap after
{Heap after GC invocations=35 (full 0):
 garbage-first heap   total 745472K, used 261692K [0x0000000601000000, 0x0000000800000000)
  region size 4096K, 6 young (24576K), 6 survivors (24576K)
 Metaspace       used 85557K, committed 86592K, reserved 1130496K
  class space    used 11853K, committed 12352K, reserved 1048576K
}
Event: 31.342 GC heap before
{Heap before GC invocations=35 (full 0):
 garbage-first heap   total 745472K, used 626236K [0x0000000601000000, 0x0000000800000000)
  region size 4096K, 96 young (393216K), 6 survivors (24576K)
 Metaspace       used 86004K, committed 86976K, reserved 1130496K
  class space    used 11878K, committed 12352K, reserved 1048576K
}
Event: 31.345 GC heap after
{Heap after GC invocations=36 (full 0):
 garbage-first heap   total 745472K, used 261901K [0x0000000601000000, 0x0000000800000000)
  region size 4096K, 6 young (24576K), 6 survivors (24576K)
 Metaspace       used 86004K, committed 86976K, reserved 1130496K
  class space    used 11878K, committed 12352K, reserved 1048576K
}
Event: 47.556 GC heap before
{Heap before GC invocations=36 (full 0):
 garbage-first heap   total 745472K, used 634637K [0x0000000601000000, 0x0000000800000000)
  region size 4096K, 97 young (397312K), 6 survivors (24576K)
 Metaspace       used 86114K, committed 87104K, reserved 1130496K
  class space    used 11879K, committed 12352K, reserved 1048576K
}
Event: 47.559 GC heap after
{Heap after GC invocations=37 (full 0):
 garbage-first heap   total 745472K, used 261625K [0x0000000601000000, 0x0000000800000000)
  region size 4096K, 6 young (24576K), 6 survivors (24576K)
 Metaspace       used 86114K, committed 87104K, reserved 1130496K
  class space    used 11879K, committed 12352K, reserved 1048576K
}

