# JRE version: Java(TM) SE Runtime Environment (17.0.2+8) (build 17.0.2+8-LTS-86)
# Java VM: Java HotSpot(TM) 64-Bit Server VM (17.0.2+8-LTS-86, mixed mode, sharing, tiered, compressed oops, compressed class ptrs, g1 gc, windows-amd64)
GC Precious Log:
 CPUs: 12 total, 12 available
 Memory: 32694M
 Large Page Support: Disabled
 NUMA Support: Disabled
 Compressed Oops: Enabled (Zero based)
 Heap Region Size: 4M
 Heap Min Capacity: 8M
 Heap Initial Capacity: 512M
 Heap Max Capacity: 8176M
 Pre-touch: Disabled
 Parallel Workers: 10
 Concurrent Workers: 3
 Concurrent Refinement Workers: 10
 Periodic GC: Disabled
Heap:
 garbage-first heap   total 892928K, used 426407K [0x0000000601000000, 0x0000000800000000)
  region size 4096K, 44 young (180224K), 6 survivors (24576K)
 Metaspace       used 85775K, committed 86720K, reserved 1130496K
  class space    used 11930K, committed 12352K, reserved 1048576K
GC Heap History (20 events):
Event: 8.545 GC heap before
{Heap before GC invocations=21 (full 0):
 garbage-first heap   total 446464K, used 195273K [0x0000000601000000, 0x0000000800000000)
  region size 4096K, 8 young (32768K), 7 survivors (28672K)
 Metaspace       used 69038K, committed 69888K, reserved 1114112K
  class space    used 9755K, committed 10176K, reserved 1048576K
}
Event: 8.554 GC heap after
{Heap after GC invocations=22 (full 0):
 garbage-first heap   total 446464K, used 200589K [0x0000000601000000, 0x0000000800000000)
  region size 4096K, 1 young (4096K), 1 survivors (4096K)
 Metaspace       used 69038K, committed 69888K, reserved 1114112K
  class space    used 9755K, committed 10176K, reserved 1048576K
}
Event: 16.746 GC heap before
{Heap before GC invocations=23 (full 0):
 garbage-first heap   total 446464K, used 348045K [0x0000000601000000, 0x0000000800000000)
  region size 4096K, 38 young (155648K), 1 survivors (4096K)
 Metaspace       used 81766K, committed 82688K, reserved 1122304K
  class space    used 11587K, committed 12032K, reserved 1048576K
}
Event: 16.754 GC heap after
{Heap after GC invocations=24 (full 0):
 garbage-first heap   total 446464K, used 226201K [0x0000000601000000, 0x0000000800000000)
  region size 4096K, 5 young (20480K), 5 survivors (20480K)
 Metaspace       used 81766K, committed 82688K, reserved 1122304K
  class space    used 11587K, committed 12032K, reserved 1048576K
}
Event: 16.765 GC heap before
{Heap before GC invocations=24 (full 0):
 garbage-first heap   total 446464K, used 230297K [0x0000000601000000, 0x0000000800000000)
  region size 4096K, 6 young (24576K), 5 survivors (20480K)
 Metaspace       used 81767K, committed 82688K, reserved 1122304K
  class space    used 11587K, committed 12032K, reserved 1048576K
}
Event: 16.770 GC heap after
{Heap after GC invocations=25 (full 0):
 garbage-first heap   total 446464K, used 229896K [0x0000000601000000, 0x0000000800000000)
  region size 4096K, 1 young (4096K), 1 survivors (4096K)
 Metaspace       used 81767K, committed 82688K, reserved 1122304K
  class space    used 11587K, committed 12032K, reserved 1048576K
}
Event: 17.007 GC heap before
{Heap before GC invocations=25 (full 0):
 garbage-first heap   total 446464K, used 348680K [0x0000000601000000, 0x0000000800000000)
  region size 4096K, 30 young (122880K), 1 survivors (4096K)
 Metaspace       used 81790K, committed 82752K, reserved 1122304K
  class space    used 11587K, committed 12032K, reserved 1048576K
}
Event: 17.012 GC heap after
{Heap after GC invocations=26 (full 0):
 garbage-first heap   total 892928K, used 233535K [0x0000000601000000, 0x0000000800000000)
  region size 4096K, 2 young (8192K), 2 survivors (8192K)
 Metaspace       used 81790K, committed 82752K, reserved 1122304K
  class space    used 11587K, committed 12032K, reserved 1048576K
}
Event: 18.794 GC heap before
{Heap before GC invocations=27 (full 0):
 garbage-first heap   total 892928K, used 675903K [0x0000000601000000, 0x0000000800000000)
  region size 4096K, 110 young (450560K), 2 survivors (8192K)
 Metaspace       used 84432K, committed 85440K, reserved 1122304K
  class space    used 11883K, committed 12352K, reserved 1048576K
}
Event: 18.804 GC heap after
{Heap after GC invocations=28 (full 0):
 garbage-first heap   total 892928K, used 261626K [0x0000000601000000, 0x0000000800000000)
  region size 4096K, 9 young (36864K), 9 survivors (36864K)
 Metaspace       used 84432K, committed 85440K, reserved 1122304K
  class space    used 11883K, committed 12352K, reserved 1048576K
}
Event: 18.826 GC heap before
{Heap before GC invocations=28 (full 0):
 garbage-first heap   total 892928K, used 261626K [0x0000000601000000, 0x0000000800000000)
  region size 4096K, 10 young (40960K), 9 survivors (36864K)
 Metaspace       used 84433K, committed 85440K, reserved 1122304K
  class space    used 11883K, committed 12352K, reserved 1048576K
}
Event: 18.835 GC heap after
{Heap after GC invocations=29 (full 0):
 garbage-first heap   total 892928K, used 256517K [0x0000000601000000, 0x0000000800000000)
  region size 4096K, 1 young (4096K), 1 survivors (4096K)
 Metaspace       used 84433K, committed 85440K, reserved 1122304K
  class space    used 11883K, committed 12352K, reserved 1048576K
}
Event: 20.792 GC heap before
{Heap before GC invocations=29 (full 0):
 garbage-first heap   total 892928K, used 670213K [0x0000000601000000, 0x0000000800000000)
  region size 4096K, 102 young (417792K), 1 survivors (4096K)
 Metaspace       used 85004K, committed 85952K, reserved 1130496K
  class space    used 11899K, committed 12352K, reserved 1048576K
}
Event: 20.794 GC heap after
{Heap after GC invocations=30 (full 0):
 garbage-first heap   total 892928K, used 264610K [0x0000000601000000, 0x0000000800000000)
  region size 4096K, 3 young (12288K), 3 survivors (12288K)
 Metaspace       used 85004K, committed 85952K, reserved 1130496K
  class space    used 11899K, committed 12352K, reserved 1048576K
}
Event: 22.089 GC heap before
{Heap before GC invocations=30 (full 0):
 garbage-first heap   total 892928K, used 686498K [0x0000000601000000, 0x0000000800000000)
  region size 4096K, 107 young (438272K), 3 survivors (12288K)
 Metaspace       used 85171K, committed 86144K, reserved 1130496K
  class space    used 11899K, committed 12352K, reserved 1048576K
}
Event: 22.092 GC heap after
{Heap after GC invocations=31 (full 0):
 garbage-first heap   total 892928K, used 272423K [0x0000000601000000, 0x0000000800000000)
  region size 4096K, 5 young (20480K), 5 survivors (20480K)
 Metaspace       used 85171K, committed 86144K, reserved 1130496K
  class space    used 11899K, committed 12352K, reserved 1048576K
}
Event: 36.578 GC heap before
{Heap before GC invocations=31 (full 0):
 garbage-first heap   total 892928K, used 714791K [0x0000000601000000, 0x0000000800000000)
  region size 4096K, 113 young (462848K), 5 survivors (20480K)
 Metaspace       used 85633K, committed 86592K, reserved 1130496K
  class space    used 11918K, committed 12352K, reserved 1048576K
}
Event: 36.581 GC heap after
{Heap after GC invocations=32 (full 0):
 garbage-first heap   total 892928K, used 274326K [0x0000000601000000, 0x0000000800000000)
  region size 4096K, 6 young (24576K), 6 survivors (24576K)
 Metaspace       used 85633K, committed 86592K, reserved 1130496K
  class space    used 11918K, committed 12352K, reserved 1048576K
}
Event: 57.026 GC heap before
{Heap before GC invocations=32 (full 0):
 garbage-first heap   total 892928K, used 728982K [0x0000000601000000, 0x0000000800000000)
  region size 4096K, 117 young (479232K), 6 survivors (24576K)
 Metaspace       used 85724K, committed 86720K, reserved 1130496K
  class space    used 11920K, committed 12352K, reserved 1048576K
}
Event: 57.030 GC heap after
{Heap after GC invocations=33 (full 0):
 garbage-first heap   total 892928K, used 274855K [0x0000000601000000, 0x0000000800000000)
  region size 4096K, 6 young (24576K), 6 survivors (24576K)
 Metaspace       used 85724K, committed 86720K, reserved 1130496K
  class space    used 11920K, committed 12352K, reserved 1048576K
}

