# JRE version: Java(TM) SE Runtime Environment (17.0.2+8) (build 17.0.2+8-LTS-86)
# Java VM: Java HotSpot(TM) 64-Bit Server VM (17.0.2+8-LTS-86, mixed mode, sharing, tiered, compressed oops, compressed class ptrs, g1 gc, windows-amd64)
GC Precious Log:
 CPUs: 12 total, 12 available
 Memory: 32694M
 Large Page Support: Disabled
 NUMA Support: Disabled
 Compressed Oops: Enabled (Zero based)
 Heap Region Size: 4M
 Heap Min Capacity: 8M
 Heap Initial Capacity: 512M
 Heap Max Capacity: 8176M
 Pre-touch: Disabled
 Parallel Workers: 10
 Concurrent Workers: 3
 Concurrent Refinement Workers: 10
 Periodic GC: Disabled
Heap:
 garbage-first heap   total 966656K, used 488390K [0x0000000601000000, 0x0000000800000000)
  region size 4096K, 62 young (253952K), 5 survivors (20480K)
 Metaspace       used 87854K, committed 88832K, reserved 1130496K
  class space    used 12041K, committed 12480K, reserved 1048576K
GC Heap History (20 events):
Event: 14.186 GC heap before
{Heap before GC invocations=23 (full 0):
 garbage-first heap   total 438272K, used 341830K [0x0000000601000000, 0x0000000800000000)
  region size 4096K, 49 young (200704K), 7 survivors (28672K)
 Metaspace       used 72348K, committed 73280K, reserved 1114112K
  class space    used 10169K, committed 10624K, reserved 1048576K
}
Event: 14.201 GC heap after
{Heap after GC invocations=24 (full 0):
 garbage-first heap   total 438272K, used 200492K [0x0000000601000000, 0x0000000800000000)
  region size 4096K, 7 young (28672K), 7 survivors (28672K)
 Metaspace       used 72348K, committed 73280K, reserved 1114112K
  class space    used 10169K, committed 10624K, reserved 1048576K
}
Event: 18.716 GC heap before
{Heap before GC invocations=24 (full 0):
 garbage-first heap   total 438272K, used 335660K [0x0000000601000000, 0x0000000800000000)
  region size 4096K, 41 young (167936K), 7 survivors (28672K)
 Metaspace       used 82317K, committed 83264K, reserved 1122304K
  class space    used 11558K, committed 11968K, reserved 1048576K
}
Event: 18.726 GC heap after
{Heap after GC invocations=25 (full 0):
 garbage-first heap   total 438272K, used 227705K [0x0000000601000000, 0x0000000800000000)
  region size 4096K, 6 young (24576K), 6 survivors (24576K)
 Metaspace       used 82317K, committed 83264K, reserved 1122304K
  class space    used 11558K, committed 11968K, reserved 1048576K
}
Event: 18.919 GC heap before
{Heap before GC invocations=25 (full 0):
 garbage-first heap   total 438272K, used 338297K [0x0000000601000000, 0x0000000800000000)
  region size 4096K, 33 young (135168K), 6 survivors (24576K)
 Metaspace       used 82340K, committed 83264K, reserved 1122304K
  class space    used 11558K, committed 11968K, reserved 1048576K
}
Event: 18.926 GC heap after
{Heap after GC invocations=26 (full 0):
 garbage-first heap   total 438272K, used 238207K [0x0000000601000000, 0x0000000800000000)
  region size 4096K, 3 young (12288K), 3 survivors (12288K)
 Metaspace       used 82340K, committed 83264K, reserved 1122304K
  class space    used 11558K, committed 11968K, reserved 1048576K
}
Event: 19.464 GC heap before
{Heap before GC invocations=27 (full 0):
 garbage-first heap   total 458752K, used 340607K [0x0000000601000000, 0x0000000800000000)
  region size 4096K, 28 young (114688K), 3 survivors (12288K)
 Metaspace       used 84076K, committed 85056K, reserved 1122304K
  class space    used 11805K, committed 12288K, reserved 1048576K
}
Event: 19.474 GC heap after
{Heap after GC invocations=28 (full 0):
 garbage-first heap   total 458752K, used 257903K [0x0000000601000000, 0x0000000800000000)
  region size 4096K, 4 young (16384K), 4 survivors (16384K)
 Metaspace       used 84076K, committed 85056K, reserved 1122304K
  class space    used 11805K, committed 12288K, reserved 1048576K
}
Event: 19.484 GC heap before
{Heap before GC invocations=28 (full 0):
 garbage-first heap   total 458752K, used 261999K [0x0000000601000000, 0x0000000800000000)
  region size 4096K, 5 young (20480K), 4 survivors (16384K)
 Metaspace       used 84085K, committed 85056K, reserved 1122304K
  class space    used 11805K, committed 12288K, reserved 1048576K
}
Event: 19.494 GC heap after
{Heap after GC invocations=29 (full 0):
 garbage-first heap   total 458752K, used 246639K [0x0000000601000000, 0x0000000800000000)
  region size 4096K, 1 young (4096K), 1 survivors (4096K)
 Metaspace       used 84085K, committed 85056K, reserved 1122304K
  class space    used 11805K, committed 12288K, reserved 1048576K
}
Event: 19.720 GC heap before
{Heap before GC invocations=29 (full 0):
 garbage-first heap   total 458752K, used 353135K [0x0000000601000000, 0x0000000800000000)
  region size 4096K, 27 young (110592K), 1 survivors (4096K)
 Metaspace       used 84524K, committed 85504K, reserved 1122304K
  class space    used 11819K, committed 12288K, reserved 1048576K
}
Event: 19.724 GC heap after
{Heap after GC invocations=30 (full 0):
 garbage-first heap   total 966656K, used 248822K [0x0000000601000000, 0x0000000800000000)
  region size 4096K, 2 young (8192K), 2 survivors (8192K)
 Metaspace       used 84524K, committed 85504K, reserved 1122304K
  class space    used 11819K, committed 12288K, reserved 1048576K
}
Event: 21.722 GC heap before
{Heap before GC invocations=31 (full 0):
 garbage-first heap   total 966656K, used 732150K [0x0000000601000000, 0x0000000800000000)
  region size 4096K, 123 young (503808K), 2 survivors (8192K)
 Metaspace       used 85244K, committed 86208K, reserved 1130496K
  class space    used 11835K, committed 12288K, reserved 1048576K
}
Event: 21.726 GC heap after
{Heap after GC invocations=32 (full 0):
 garbage-first heap   total 966656K, used 245922K [0x0000000601000000, 0x0000000800000000)
  region size 4096K, 4 young (16384K), 4 survivors (16384K)
 Metaspace       used 85244K, committed 86208K, reserved 1130496K
  class space    used 11835K, committed 12288K, reserved 1048576K
}
Event: 21.813 GC heap before
{Heap before GC invocations=32 (full 0):
 garbage-first heap   total 966656K, used 274594K [0x0000000601000000, 0x0000000800000000)
  region size 4096K, 11 young (45056K), 4 survivors (16384K)
 Metaspace       used 85269K, committed 86272K, reserved 1130496K
  class space    used 11835K, committed 12288K, reserved 1048576K
}
Event: 21.817 GC heap after
{Heap after GC invocations=33 (full 0):
 garbage-first heap   total 966656K, used 242766K [0x0000000601000000, 0x0000000800000000)
  region size 4096K, 1 young (4096K), 1 survivors (4096K)
 Metaspace       used 85269K, committed 86272K, reserved 1130496K
  class space    used 11835K, committed 12288K, reserved 1048576K
}
Event: 26.840 GC heap before
{Heap before GC invocations=33 (full 0):
 garbage-first heap   total 966656K, used 767054K [0x0000000601000000, 0x0000000800000000)
  region size 4096K, 130 young (532480K), 1 survivors (4096K)
 Metaspace       used 87229K, committed 88256K, reserved 1130496K
  class space    used 11995K, committed 12480K, reserved 1048576K
}
Event: 26.844 GC heap after
{Heap after GC invocations=34 (full 0):
 garbage-first heap   total 966656K, used 258313K [0x0000000601000000, 0x0000000800000000)
  region size 4096K, 5 young (20480K), 5 survivors (20480K)
 Metaspace       used 87229K, committed 88256K, reserved 1130496K
  class space    used 11995K, committed 12480K, reserved 1048576K
}
Event: 32.390 GC heap before
{Heap before GC invocations=34 (full 0):
 garbage-first heap   total 966656K, used 786697K [0x0000000601000000, 0x0000000800000000)
  region size 4096K, 134 young (548864K), 5 survivors (20480K)
 Metaspace       used 87637K, committed 88640K, reserved 1130496K
  class space    used 12015K, committed 12480K, reserved 1048576K
}
Event: 32.392 GC heap after
{Heap after GC invocations=35 (full 0):
 garbage-first heap   total 966656K, used 259014K [0x0000000601000000, 0x0000000800000000)
  region size 4096K, 5 young (20480K), 5 survivors (20480K)
 Metaspace       used 87637K, committed 88640K, reserved 1130496K
  class space    used 12015K, committed 12480K, reserved 1048576K
}

